<?xml version="1.0" encoding="UTF-8"?>
<testng-results ignored="0" total="1" passed="1" failed="0" skipped="0">
  <reporter-output>
  </reporter-output>
  <suite started-at="2025-11-20T16:05:54 IST" name="Default suite" finished-at="2025-11-20T16:06:07 IST" duration-ms="13378">
    <groups>
    </groups>
    <test started-at="2025-11-20T16:05:54 IST" name="Default test" finished-at="2025-11-20T16:06:07 IST" duration-ms="13378">
      <class name="orangehrm.tc5">
        <test-method is-config="true" signature="beforeSuite()[pri:0, instance:orangehrm.tc5@139982de]" started-at="2025-11-20T16:05:53 IST" name="beforeSuite" finished-at="2025-11-20T16:05:54 IST" duration-ms="225" status="PASS">
          <reporter-output>
          </reporter-output>
        </test-method> <!-- beforeSuite -->
        <test-method signature="f()[pri:0, instance:orangehrm.tc5@139982de]" started-at="2025-11-20T16:05:54 IST" name="f" finished-at="2025-11-20T16:06:07 IST" duration-ms="13328" status="PASS">
          <reporter-output>
          </reporter-output>
        </test-method> <!-- f -->
        <test-method is-config="true" signature="afterSuite()[pri:0, instance:orangehrm.tc5@139982de]" started-at="2025-11-20T16:06:07 IST" name="afterSuite" finished-at="2025-11-20T16:06:07 IST" duration-ms="300" status="PASS">
          <reporter-output>
          </reporter-output>
        </test-method> <!-- afterSuite -->
      </class> <!-- orangehrm.tc5 -->
    </test> <!-- Default test -->
  </suite> <!-- Default suite -->
</testng-results>
